Build started 07-04-2017 11:38:05.
     1>Project "C:\Users\Asus\Documents\Visual Studio 2010\Projects\OPenMP\OPenMP.vcxproj" on node 2 (build target(s)).
     1>InitializeBuildStatus:
         Creating "Debug\OPenMP.unsuccessfulbuild" because "AlwaysCreate" was specified.
       ClCompile:
         C:\Program Files (x86)\Microsoft Visual Studio 10.0\VC\bin\CL.exe /c /ZI /nologo /W3 /WX- /Od /Oy- /D WIN32 /D _DEBUG /D _CONSOLE /D _UNICODE /D UNICODE /Gm /EHsc /RTC1 /MDd /GS /fp:precise /Zc:wchar_t /Zc:forScope /openmp /Fo"Debug\\" /Fd"Debug\vc100.pdb" /Gd /TP /analyze- /errorReport:prompt Atomic_Sync.cpp
         Atomic_Sync.cpp
       ManifestResourceCompile:
         All outputs are up-to-date.
       Link:
         C:\Program Files (x86)\Microsoft Visual Studio 10.0\VC\bin\link.exe /ERRORREPORT:PROMPT /OUT:"C:\Users\Asus\Documents\Visual Studio 2010\Projects\OPenMP\Debug\OPenMP.exe" /INCREMENTAL /NOLOGO kernel32.lib user32.lib gdi32.lib winspool.lib comdlg32.lib advapi32.lib shell32.lib ole32.lib oleaut32.lib uuid.lib odbc32.lib odbccp32.lib /MANIFEST /ManifestFile:"Debug\OPenMP.exe.intermediate.manifest" /MANIFESTUAC:"level='asInvoker' uiAccess='false'" /DEBUG /PDB:"C:\Users\Asus\Documents\Visual Studio 2010\Projects\OPenMP\Debug\OPenMP.pdb" /SUBSYSTEM:CONSOLE /TLBID:1 /DYNAMICBASE /NXCOMPAT /IMPLIB:"C:\Users\Asus\Documents\Visual Studio 2010\Projects\OPenMP\Debug\OPenMP.lib" /MACHINE:X86 Debug\OPenMP.exe.embed.manifest.res
         Debug\Array_Sum.obj
         Debug\Atomic_Sync.obj
         Debug\Auto_Scheduling.obj
         Debug\Critical_Sync.obj
         Debug\Dynamic_Scheduling.obj
         Debug\Guided_Scheduling.obj
         Debug\LastFirst_Private.obj
         Debug\Runtime_Scheduling.obj
         Debug\Sample.obj
         Debug\Sections.obj
         Debug\Static_Scheduling.obj
         Debug\Vector_Addition.obj
       Manifest:
         C:\Program Files (x86)\Microsoft SDKs\Windows\v7.0A\bin\mt.exe /nologo /verbose /out:"Debug\OPenMP.exe.embed.manifest" /manifest Debug\OPenMP.exe.intermediate.manifest
         All outputs are up-to-date.
       LinkEmbedManifest:
         All outputs are up-to-date.
         OPenMP.vcxproj -> C:\Users\Asus\Documents\Visual Studio 2010\Projects\OPenMP\Debug\OPenMP.exe
       FinalizeBuildStatus:
         Deleting file "Debug\OPenMP.unsuccessfulbuild".
         Touching "Debug\OPenMP.lastbuildstate".
     1>Done Building Project "C:\Users\Asus\Documents\Visual Studio 2010\Projects\OPenMP\OPenMP.vcxproj" (build target(s)).

Build succeeded.

Time Elapsed 00:00:00.44
